[debug] [2022-03-01T03:13:12.137Z] ----------------------------------------------------------------------
[debug] [2022-03-01T03:13:12.150Z] Command:       /Users/apple/.nvm/versions/node/v17.3.0/bin/node /Users/apple/.nvm/versions/node/v17.3.0/bin/firebase init
[debug] [2022-03-01T03:13:12.160Z] CLI Version:   10.2.1
[debug] [2022-03-01T03:13:12.160Z] Platform:      darwin
[debug] [2022-03-01T03:13:12.160Z] Node Version:  v17.3.0
[debug] [2022-03-01T03:13:12.555Z] Time:          Tue Mar 01 2022 08:43:12 GMT+0530 (India Standard Time)
[debug] [2022-03-01T03:13:12.556Z] ----------------------------------------------------------------------
[debug] 
[debug] [2022-03-01T03:13:12.672Z] > command requires scopes: ["email","openid","https://www.googleapis.com/auth/cloudplatformprojects.readonly","https://www.googleapis.com/auth/firebase","https://www.googleapis.com/auth/cloud-platform"]
[debug] [2022-03-01T03:13:12.672Z] > authorizing via signed-in user (maskekalyani16@gmail.com)
[info] 
     ######## #### ########  ######## ########     ###     ######  ########
     ##        ##  ##     ## ##       ##     ##  ##   ##  ##       ##
     ######    ##  ########  ######   ########  #########  ######  ######
     ##        ##  ##    ##  ##       ##     ## ##     ##       ## ##
     ##       #### ##     ## ######## ########  ##     ##  ######  ########

You're about to initialize a Firebase project in this directory:

  /Users/apple/Desktop/mywebsite/public

[info] 
=== Project Setup
[info] 
[info] First, let's associate this project directory with a Firebase project.
[info] You can create multiple project aliases by running firebase use --add, 
[info] but for now we'll just set up a default project.
[info] 
[debug] [2022-03-01T03:14:46.565Z] > refreshing access token with scopes: []
[debug] [2022-03-01T03:14:46.566Z] >>> HTTP REQUEST POST https://www.googleapis.com/oauth2/v3/token  
 <request body omitted>
[debug] [2022-03-01T03:14:47.471Z] <<< HTTP RESPONSE 200 {"date":"Tue, 01 Mar 2022 03:14:47 GMT","pragma":"no-cache","expires":"Mon, 01 Jan 1990 00:00:00 GMT","cache-control":"no-cache, no-store, max-age=0, must-revalidate","content-type":"application/json; charset=utf-8","vary":"X-Origin, Referer, Origin,Accept-Encoding","server":"scaffolding on HTTPServer2","x-xss-protection":"0","x-frame-options":"SAMEORIGIN","x-content-type-options":"nosniff","alt-svc":"h3=\":443\"; ma=2592000,h3-29=\":443\"; ma=2592000,h3-Q050=\":443\"; ma=2592000,h3-Q046=\":443\"; ma=2592000,h3-Q043=\":443\"; ma=2592000,quic=\":443\"; ma=2592000; v=\"46,43\"","accept-ranges":"none","transfer-encoding":"chunked"}
[debug] [2022-03-01T03:14:47.846Z] >>> [apiv2][query] GET https://firebase.googleapis.com/v1beta1/projects pageSize=100
[debug] [2022-03-01T03:14:48.725Z] <<< [apiv2][status] GET https://firebase.googleapis.com/v1beta1/projects 200
[debug] [2022-03-01T03:14:48.725Z] <<< [apiv2][body] GET https://firebase.googleapis.com/v1beta1/projects [omitted]
[info] i  Using project kalyanimaskewebsite (KalyanimaskeWebsite) 
[info] 
=== Hosting Setup
[info] 
[info] Your public directory is the folder (relative to your project directory) that
[info] will contain Hosting assets to be uploaded with firebase deploy. If you
[info] have a build process for your assets, use your build's output directory.
[info] 
[info] ✔  Wrote public/404.html 
[debug] [2022-03-01T03:16:03.797Z] >>> [apiv2][query] GET https://www.gstatic.com/firebasejs/releases.json [none]
[debug] [2022-03-01T03:16:04.048Z] <<< [apiv2][status] GET https://www.gstatic.com/firebasejs/releases.json 200
[debug] [2022-03-01T03:16:04.048Z] <<< [apiv2][body] GET https://www.gstatic.com/firebasejs/releases.json {"current":{"version":"9.6.7","browserURL":"https://www.gstatic.com/firebasejs/9.6.7/firebase.js","packageURL":"https://www.gstatic.com/firebasejs/9.6.7/firebase.tgz"},"live":{"version":"9.6","browserURL":"https://www.gstatic.com/firebasejs/live/9.6/firebase.js","packageURL":"https://www.gstatic.com/firebasejs/live/9.6/firebase.tgz"},"components":{"analytics":"https://www.gstatic.com/firebasejs/9.6.7/firebase-analytics.js","app":"https://www.gstatic.com/firebasejs/9.6.7/firebase-app.js","app-check":"https://www.gstatic.com/firebasejs/9.6.7/firebase-app-check.js","auth":"https://www.gstatic.com/firebasejs/9.6.7/firebase-auth.js","auth/cordova":"https://www.gstatic.com/firebasejs/9.6.7/firebase-auth/cordova.js","auth/react-native":"https://www.gstatic.com/firebasejs/9.6.7/firebase-auth/react-native.js","functions":"https://www.gstatic.com/firebasejs/9.6.7/firebase-functions.js","firestore":"https://www.gstatic.com/firebasejs/9.6.7/firebase-firestore.js","firestore/lite":"https://www.gstatic.com/firebasejs/9.6.7/firebase-firestore/lite.js","storage":"https://www.gstatic.com/firebasejs/9.6.7/firebase-storage.js","performance":"https://www.gstatic.com/firebasejs/9.6.7/firebase-performance.js","remote-config":"https://www.gstatic.com/firebasejs/9.6.7/firebase-remote-config.js","messaging":"https://www.gstatic.com/firebasejs/9.6.7/firebase-messaging.js","messaging/sw":"https://www.gstatic.com/firebasejs/9.6.7/firebase-messaging/sw.js","database":"https://www.gstatic.com/firebasejs/9.6.7/firebase-database.js","firestore.memory":"https://www.gstatic.com/firebasejs/9.6.7/firebase-firestore.memory.js"}}
[info] ✔  Wrote public/index.html 
[info] 
[info] i  Didn't detect a .git folder. Assuming /Users/apple/Desktop/mywebsite/public is the project root. 
[info] i  Authorizing with GitHub to upload your service account to a GitHub repository's secrets store. 
[info] 
[info] Visit this URL on this device to log in:
[info] https://github.com/login/oauth/authorize?client_id=89cf50f02ac6aaed3484&state=409273436&redirect_uri=http%3A%2F%2Flocalhost%3A9005&scope=read%3Auser%20repo%20public_repo
[info] 
[info] Waiting for authentication...
[debug] [2022-03-01T03:16:40.974Z] >>> HTTP REQUEST POST https://github.com/login/oauth/access_token  
 {"client_id":"89cf50f02ac6aaed3484","client_secret":"3330d14abc895d9a74d5f17cd7a00711fa2c5bf0","code":"4e127d0e4e23035ff39f","redirect_uri":"http://localhost:9005","state":"409273436"}
[debug] [2022-03-01T03:16:41.393Z] <<< HTTP RESPONSE 200 {"server":"GitHub.com","date":"Tue, 01 Mar 2022 03:16:41 GMT","content-type":"application/json; charset=utf-8","transfer-encoding":"chunked","vary":"X-PJAX, X-PJAX-Container, Accept-Encoding, Accept, X-Requested-With","permissions-policy":"interest-cohort=()","etag":"W/\"d61a60f46f1144a2c6b6b44d8d89a631\"","cache-control":"max-age=0, private, must-revalidate","strict-transport-security":"max-age=31536000; includeSubdomains; preload","x-frame-options":"deny","x-content-type-options":"nosniff","x-xss-protection":"0","referrer-policy":"origin-when-cross-origin, strict-origin-when-cross-origin","expect-ct":"max-age=2592000, report-uri=\"https://api.github.com/_private/browser/errors\"","content-security-policy":"default-src 'none'; base-uri 'self'; block-all-mixed-content; child-src github.com/assets-cdn/worker/ gist.github.com/assets-cdn/worker/; connect-src 'self' uploads.github.com objects-origin.githubusercontent.com www.githubstatus.com collector.githubapp.com collector.github.com api.github.com github-cloud.s3.amazonaws.com github-production-repository-file-5c1aeb.s3.amazonaws.com github-production-upload-manifest-file-7fdce7.s3.amazonaws.com github-production-user-asset-6210df.s3.amazonaws.com cdn.optimizely.com logx.optimizely.com/v1/events translator.github.com wss://alive.github.com; font-src github.githubassets.com; form-action 'self' github.com gist.github.com objects-origin.githubusercontent.com; frame-ancestors 'none'; frame-src render.githubusercontent.com viewscreen.githubusercontent.com notebooks.githubusercontent.com; img-src 'self' data: github.githubassets.com identicons.github.com collector.githubapp.com collector.github.com github-cloud.s3.amazonaws.com secured-user-images.githubusercontent.com/ *.githubusercontent.com; manifest-src 'self'; media-src github.com user-images.githubusercontent.com/; script-src github.githubassets.com; style-src 'unsafe-inline' github.githubassets.com; worker-src github.com/assets-cdn/worker/ gist.github.com/assets-cdn/worker/","x-github-request-id":"C183:228A:52954F:5F9E85:621D9019"}
[debug] [2022-03-01T03:16:41.739Z] >>> [apiv2][query] GET https://api.github.com/user [none]
[debug] [2022-03-01T03:16:42.234Z] <<< [apiv2][status] GET https://api.github.com/user 200
[debug] [2022-03-01T03:16:42.234Z] <<< [apiv2][body] GET https://api.github.com/user {"login":"jiraya","id":80612532,"node_id":"MDQ6VXNlcjgwNjEyNTMy","avatar_url":"https://avatars.githubusercontent.com/u/80612532?v=4","gravatar_id":"","url":"https://api.github.com/users/jiraya","html_url":"https://github.com/jiraya","followers_url":"https://api.github.com/users/jiraya/followers","following_url":"https://api.github.com/users/jiraya/following{/other_user}","gists_url":"https://api.github.com/users/jiraya/gists{/gist_id}","starred_url":"https://api.github.com/users/jiraya/starred{/owner}{/repo}","subscriptions_url":"https://api.github.com/users/jiraya/subscriptions","organizations_url":"https://api.github.com/users/jiraya/orgs","repos_url":"https://api.github.com/users/jiraya/repos","events_url":"https://api.github.com/users/jiraya/events{/privacy}","received_events_url":"https://api.github.com/users/jiraya/received_events","type":"User","site_admin":false,"name":"Kalyani Maske","company":null,"blog":"","location":null,"email":null,"hireable":null,"bio":"new to programming","twitter_username":null,"public_repos":14,"public_gists":0,"followers":1,"following":5,"created_at":"2021-03-14T05:09:24Z","updated_at":"2021-10-16T14:32:13Z","private_gists":0,"total_private_repos":2,"owned_private_repos":2,"disk_usage":7001,"collaborators":0,"two_factor_authentication":false,"plan":{"name":"free","space":976562499,"collaborators":0,"private_repos":10000}}
[info] 
[info] ✔  Success! Logged into GitHub as jiraya 
[info] 
[debug] [2022-03-01T03:18:19.942Z] >>> [apiv2][query] GET https://api.github.com/repos/https://github.com/jiraya/Mywebsitedemo.git/actions/secrets/public-key type=owner
[debug] [2022-03-01T03:18:20.382Z] <<< [apiv2][status] GET https://api.github.com/repos/https://github.com/jiraya/Mywebsitedemo.git/actions/secrets/public-key 404
[debug] [2022-03-01T03:18:20.382Z] <<< [apiv2][body] GET https://api.github.com/repos/https://github.com/jiraya/Mywebsitedemo.git/actions/secrets/public-key {"message":"Not Found","documentation_url":"https://docs.github.com/rest"}
[debug] [2022-03-01T03:24:24.375Z] >>> [apiv2][query] GET https://api.github.com/repos/https://github.com/jiraya/Mywebsitedemo.git/actions/secrets/public-key type=owner
[debug] [2022-03-01T03:24:24.764Z] <<< [apiv2][status] GET https://api.github.com/repos/https://github.com/jiraya/Mywebsitedemo.git/actions/secrets/public-key 404
[debug] [2022-03-01T03:24:24.765Z] <<< [apiv2][body] GET https://api.github.com/repos/https://github.com/jiraya/Mywebsitedemo.git/actions/secrets/public-key {"message":"Not Found","documentation_url":"https://docs.github.com/rest"}
[debug] [2022-03-01T03:35:30.724Z] >>> [apiv2][query] GET https://api.github.com/repos/https://github.com/jiraya/Mywebsitedemo.git/actions/secrets/public-key type=owner
[debug] [2022-03-01T03:35:31.120Z] <<< [apiv2][status] GET https://api.github.com/repos/https://github.com/jiraya/Mywebsitedemo.git/actions/secrets/public-key 404
[debug] [2022-03-01T03:35:31.120Z] <<< [apiv2][body] GET https://api.github.com/repos/https://github.com/jiraya/Mywebsitedemo.git/actions/secrets/public-key {"message":"Not Found","documentation_url":"https://docs.github.com/rest"}
[debug] [2022-03-01T03:35:53.773Z] >>> [apiv2][query] GET https://api.github.com/repos/https://github.com/jiraya/Mywebsitedemo.git/actions/secrets/public-key type=owner
[debug] [2022-03-01T03:35:54.116Z] <<< [apiv2][status] GET https://api.github.com/repos/https://github.com/jiraya/Mywebsitedemo.git/actions/secrets/public-key 404
[debug] [2022-03-01T03:35:54.116Z] <<< [apiv2][body] GET https://api.github.com/repos/https://github.com/jiraya/Mywebsitedemo.git/actions/secrets/public-key {"message":"Not Found","documentation_url":"https://docs.github.com/rest"}
[debug] [2022-03-01T03:36:11.188Z] >>> [apiv2][query] GET https://api.github.com/repos/https://github.com/jiraya/Mywebsitedemo.git/actions/secrets/public-key type=owner
[debug] [2022-03-01T03:36:11.533Z] <<< [apiv2][status] GET https://api.github.com/repos/https://github.com/jiraya/Mywebsitedemo.git/actions/secrets/public-key 404
[debug] [2022-03-01T03:36:11.533Z] <<< [apiv2][body] GET https://api.github.com/repos/https://github.com/jiraya/Mywebsitedemo.git/actions/secrets/public-key {"message":"Not Found","documentation_url":"https://docs.github.com/rest"}
[debug] [2022-03-01T03:36:13.965Z] >>> [apiv2][query] GET https://api.github.com/repos/https://github.com/jiraya/Mywebsitedemo.git/actions/secrets/public-key type=owner
[debug] [2022-03-01T03:36:14.308Z] <<< [apiv2][status] GET https://api.github.com/repos/https://github.com/jiraya/Mywebsitedemo.git/actions/secrets/public-key 404
[debug] [2022-03-01T03:36:14.308Z] <<< [apiv2][body] GET https://api.github.com/repos/https://github.com/jiraya/Mywebsitedemo.git/actions/secrets/public-key {"message":"Not Found","documentation_url":"https://docs.github.com/rest"}
[debug] [2022-03-01T03:36:15.188Z] >>> [apiv2][query] GET https://api.github.com/repos/https://github.com/jiraya/Mywebsitedemo.git/actions/secrets/public-key type=owner
[debug] [2022-03-01T03:36:15.528Z] <<< [apiv2][status] GET https://api.github.com/repos/https://github.com/jiraya/Mywebsitedemo.git/actions/secrets/public-key 404
[debug] [2022-03-01T03:36:15.528Z] <<< [apiv2][body] GET https://api.github.com/repos/https://github.com/jiraya/Mywebsitedemo.git/actions/secrets/public-key {"message":"Not Found","documentation_url":"https://docs.github.com/rest"}
[debug] [2022-03-01T03:37:33.874Z] >>> [apiv2][query] GET https://api.github.com/repos/https://github.com/jiraya/Mywebsitedemo.git/actions/secrets/public-key type=owner
[debug] [2022-03-01T03:37:34.237Z] <<< [apiv2][status] GET https://api.github.com/repos/https://github.com/jiraya/Mywebsitedemo.git/actions/secrets/public-key 404
[debug] [2022-03-01T03:37:34.237Z] <<< [apiv2][body] GET https://api.github.com/repos/https://github.com/jiraya/Mywebsitedemo.git/actions/secrets/public-key {"message":"Not Found","documentation_url":"https://docs.github.com/rest"}
[debug] [2022-03-01T03:38:01.314Z] >>> [apiv2][query] GET https://api.github.com/repos/https://github.com/jiraya/Mywebsitedemo.git/actions/secrets/public-key type=owner
[debug] [2022-03-01T03:38:01.676Z] <<< [apiv2][status] GET https://api.github.com/repos/https://github.com/jiraya/Mywebsitedemo.git/actions/secrets/public-key 404
[debug] [2022-03-01T03:38:01.677Z] <<< [apiv2][body] GET https://api.github.com/repos/https://github.com/jiraya/Mywebsitedemo.git/actions/secrets/public-key {"message":"Not Found","documentation_url":"https://docs.github.com/rest"}
[debug] [2022-03-01T03:38:06.170Z] >>> [apiv2][query] GET https://api.github.com/repos/https://github.com/jiraya/Mywebsitedemo.git/actions/secrets/public-key type=owner
[debug] [2022-03-01T03:38:06.510Z] <<< [apiv2][status] GET https://api.github.com/repos/https://github.com/jiraya/Mywebsitedemo.git/actions/secrets/public-key 404
[debug] [2022-03-01T03:38:06.511Z] <<< [apiv2][body] GET https://api.github.com/repos/https://github.com/jiraya/Mywebsitedemo.git/actions/secrets/public-key {"message":"Not Found","documentation_url":"https://docs.github.com/rest"}
